<?xml version="1.0" encoding="UTF-8"?>
<!-- Generated by org.testng.reporters.JUnitReportReporter -->
<testsuite hostname="shaily" failures="0" tests="5" name="com.Mahakaal.databaseTestcases.CheckTableData" time="0.008" errors="0" timestamp="22 Aug 2022 15:50:51 GMT">
  <testcase classname="com.Mahakaal.databaseTestcases.CheckTableData" name="validate_firstNameValue" time="0.001"/>
  <testcase classname="com.Mahakaal.databaseTestcases.CheckTableData" name="check_tabeIsPresent" time="0.000"/>
  <testcase classname="com.Mahakaal.databaseTestcases.CheckTableData" name="validate_howManyRow" time="0.001"/>
  <testcase classname="com.Mahakaal.databaseTestcases.CheckTableData" name="validate_howManyColumn" time="0.001"/>
  <testcase classname="com.Mahakaal.databaseTestcases.CheckTableData" name="check_databasePresent" time="0.005"/>
</testsuite> <!-- com.Mahakaal.databaseTestcases.CheckTableData -->
